2/14/2022 7:05:13 AM	This log contains information about the import schema operation into project 'BookingDatabase' on computer 'US-B4100J3' by user 'dkoshy2'.
2/14/2022 7:05:13 AM	Import of database schema has started.
2/14/2022 7:05:26 AM	Gathering database credentials
2/14/2022 7:05:26 AM	Gathering database options
2/14/2022 7:05:26 AM	Gathering generic database scoped configuration option
2/14/2022 7:05:26 AM	Gathering users
2/14/2022 7:05:26 AM	Gathering roles
2/14/2022 7:05:26 AM	Gathering application roles
2/14/2022 7:05:26 AM	Gathering role memberships
2/14/2022 7:05:26 AM	Gathering filegroups
2/14/2022 7:05:26 AM	Gathering full-text catalogs
2/14/2022 7:05:26 AM	Gathering assemblies
2/14/2022 7:05:26 AM	Gathering certificates
2/14/2022 7:05:26 AM	Gathering asymmetric keys
2/14/2022 7:05:26 AM	Gathering symmetric keys
2/14/2022 7:05:26 AM	Gathering encrypted symmetric keys
2/14/2022 7:05:26 AM	Gathering schemas
2/14/2022 7:05:26 AM	Gathering XML schema collections
2/14/2022 7:05:26 AM	Gathering user-defined data types
2/14/2022 7:05:26 AM	Gathering user-defined types
2/14/2022 7:05:26 AM	Gathering table types
2/14/2022 7:05:26 AM	Gathering unique keys for table types
2/14/2022 7:05:26 AM	Gathering primary keys for table types
2/14/2022 7:05:26 AM	Gathering indexes for table types
2/14/2022 7:05:26 AM	Gathering check constraints for table types
2/14/2022 7:05:26 AM	Gathering default constraints for table types
2/14/2022 7:05:26 AM	Gathering partition functions
2/14/2022 7:05:26 AM	Gathering partition schemes
2/14/2022 7:05:26 AM	Gathering functions
2/14/2022 7:05:26 AM	Gathering encrypted functions
2/14/2022 7:05:26 AM	Gathering aggregates
2/14/2022 7:05:26 AM	Gathering procedures
2/14/2022 7:05:26 AM	Gathering encrypted procedures
2/14/2022 7:05:26 AM	Gathering tables
2/14/2022 7:05:26 AM	Gathering primary keys
2/14/2022 7:05:26 AM	Gathering unique constraints
2/14/2022 7:05:26 AM	Gathering foreign keys
2/14/2022 7:05:26 AM	Gathering default constraints
2/14/2022 7:05:26 AM	Gathering check constraints
2/14/2022 7:05:26 AM	Gathering views
2/14/2022 7:05:26 AM	Gathering encrypted views
2/14/2022 7:05:26 AM	Gathering indexes
2/14/2022 7:05:26 AM	Gathering statistics
2/14/2022 7:05:26 AM	Gathering full-text index stoplists
2/14/2022 7:05:26 AM	Gathering search property lists
2/14/2022 7:05:26 AM	Gathering search properties
2/14/2022 7:05:26 AM	Gathering full-text indexes
2/14/2022 7:05:26 AM	Gathering column store indexes
2/14/2022 7:05:26 AM	Gathering spatial indexes
2/14/2022 7:05:26 AM	Gathering XML indexes
2/14/2022 7:05:26 AM	Gathering Selective XML indexes
2/14/2022 7:05:26 AM	Gathering encrypted triggers
2/14/2022 7:05:26 AM	Gathering triggers
2/14/2022 7:05:26 AM	Gathering encrypted and clr ddl triggers
2/14/2022 7:05:26 AM	Gathering ddl triggers
2/14/2022 7:05:26 AM	Creating edge constraints
2/14/2022 7:05:27 AM	Gathering synonyms
2/14/2022 7:05:27 AM	Gathering defaults
2/14/2022 7:05:27 AM	Gathering data constraint uddt bindings
2/14/2022 7:05:27 AM	Gathering rules
2/14/2022 7:05:27 AM	Gathering data constraint uddt bindings
2/14/2022 7:05:27 AM	Gathering message types
2/14/2022 7:05:27 AM	Gathering queues
2/14/2022 7:05:27 AM	Gathering contracts
2/14/2022 7:05:27 AM	Gathering services
2/14/2022 7:05:27 AM	Gathering event notifications
2/14/2022 7:05:27 AM	Gathering remote service bindings
2/14/2022 7:05:27 AM	Gathering broker priorities
2/14/2022 7:05:27 AM	Gathering signatures
2/14/2022 7:05:27 AM	Gathering data compression options
2/14/2022 7:05:27 AM	Gathering sequence types
2/14/2022 7:05:27 AM	Gathering security policies
2/14/2022 7:05:27 AM	Gather column encryption keys
2/14/2022 7:05:27 AM	Gathering column master keys
2/14/2022 7:05:27 AM	Gathering external data sources
2/14/2022 7:05:27 AM	Gathering external file formats
2/14/2022 7:05:27 AM	Gathering external tables
2/14/2022 7:05:27 AM	Gathering extended properties
2/14/2022 7:05:27 AM	Gathering assemblies
2/14/2022 7:05:27 AM	Gathering credentials
2/14/2022 7:05:27 AM	Gathering logins
2/14/2022 7:05:27 AM	Gathering server audits
2/14/2022 7:05:27 AM	Scanning project for duplicate elements
2/14/2022 7:05:28 AM	Finished duplicate element processing
2/14/2022 7:05:28 AM	Finished importing database.
2/14/2022 7:05:28 AM	A summary of the import was saved to the following location: C:\Users\dkoshy2\source\repos\BookingAccomodation\BookingDatabase\Import Schema Logs\BookingDatabase_20220214013513.log
2/14/2022 7:05:28 AM	Click Finish to continue...
